<?xml version="1.0" encoding="UTF-8"?>
<!-- Generated by org.testng.reporters.JUnitXMLReporter -->
<testsuite ignored="2" hostname="LAPTOP-D6IT8EFO" failures="0" tests="1" name="SmokeRun" time="19.929" errors="0" timestamp="2023-05-08T08:01:01 IST">
  <testcase classname="com.sevenmartsupermarket.tests.AdminUsersTest" name="verifySearch" time="4.321"/>
  <testcase classname="com.sevenmartsupermarket.tests.PushNotificationTest" name="verifyPushNotification" time="0.0">
    <ignored/>
  </testcase> <!-- verifyPushNotification -->
  <testcase classname="com.sevenmartsupermarket.tests.AdminUsersTest" name="verifyAdminUsers" time="0.0">
    <ignored/>
  </testcase> <!-- verifyAdminUsers -->
</testsuite> <!-- SmokeRun -->
