<?xml version="1.0" encoding="UTF-8"?>
<!-- Generated by org.testng.reporters.JUnitXMLReporter -->
<testsuite ignored="5" hostname="LAPTOP-D6IT8EFO" failures="0" tests="1" name="SmokeRun" time="14.694" errors="0" timestamp="2023-05-18T20:32:00 IST">
  <testcase classname="com.sevenmartsupermarket.tests.PushNotificationTest" name="verifyPushNotification" time="5.114"/>
  <testcase classname="com.sevenmartsupermarket.tests.LoginTest" name="verifySignInButtonEnabled" time="0.0">
    <ignored/>
  </testcase> <!-- verifySignInButtonEnabled -->
  <testcase classname="com.sevenmartsupermarket.tests.LoginTest" name="verifyInvalidLoginErrorMessage" time="0.0">
    <ignored/>
  </testcase> <!-- verifyInvalidLoginErrorMessage -->
  <testcase classname="com.sevenmartsupermarket.tests.LoginTest" name="verifyRememberCheckBox" time="0.0">
    <ignored/>
  </testcase> <!-- verifyRememberCheckBox -->
  <testcase classname="com.sevenmartsupermarket.tests.LoginTest" name="verifyInvalidLogin" time="0.0">
    <ignored/>
  </testcase> <!-- verifyInvalidLogin -->
  <testcase classname="com.sevenmartsupermarket.tests.LoginTest" name="verifyLoginFunctionality" time="0.0">
    <ignored/>
  </testcase> <!-- verifyLoginFunctionality -->
</testsuite> <!-- SmokeRun -->
