<?xml version="1.0" encoding="UTF-8"?>
<!-- Generated by org.testng.reporters.JUnitXMLReporter -->
<testsuite ignored="1" hostname="LAPTOP-D6IT8EFO" failures="0" tests="1" name="Default test" time="16.076" errors="0" timestamp="2023-05-06T11:18:12 IST">
  <testcase classname="com.sevenmartsupermarket.tests.AdminUsersTest" name="verifyAdminUsers" time="4.256"/>
  <testcase classname="com.sevenmartsupermarket.tests.AdminUsersTest" name="verifySearch" time="0.0">
    <ignored/>
  </testcase> <!-- verifySearch -->
</testsuite> <!-- Default test -->
