<?xml version="1.0" encoding="UTF-8"?>
<!-- Generated by org.testng.reporters.JUnitXMLReporter -->
<testsuite ignored="0" hostname="LAPTOP-D6IT8EFO" failures="0" tests="4" name="Run" time="108.062" errors="0" timestamp="2023-05-23T18:54:04 IST">
  <testcase classname="com.sevenmartsupermarket.tests.ManageExpenseTest" name="verifyexpensecategoryCreation" time="19.196"/>
  <testcase classname="com.sevenmartsupermarket.tests.ManageExpenseTest" name="verifyexpensecategoryCreation" time="0.0">
    <skipped/>
  </testcase> <!-- verifyexpensecategoryCreation -->
  <testcase classname="com.sevenmartsupermarket.tests.ManageExpenseTest" name="verifyexpensecategoryCreation" time="0.0">
    <skipped/>
  </testcase> <!-- verifyexpensecategoryCreation -->
  <testcase classname="com.sevenmartsupermarket.tests.ManageExpenseTest" name="verifyexpensecategoryCreation" time="0.0">
    <skipped/>
  </testcase> <!-- verifyexpensecategoryCreation -->
</testsuite> <!-- Run -->
