<?xml version="1.0" encoding="UTF-8"?>
<!-- Generated by org.testng.reporters.JUnitXMLReporter -->
<testsuite ignored="0" hostname="LAPTOP-D6IT8EFO" failures="0" tests="2" name="SanityRun" time="147.137" errors="0" timestamp="2023-05-23T18:54:43 IST">
  <testcase classname="com.sevenmartsupermarket.tests.HomePageTest" name="verifyLogoText" time="28.245"/>
  <testcase classname="com.sevenmartsupermarket.tests.ManageLocationTest" name="verifyCreationOfLocation" time="8.554"/>
</testsuite> <!-- SanityRun -->
