<?xml version="1.0" encoding="UTF-8"?>
<!-- Generated by org.testng.reporters.JUnitXMLReporter -->
<testsuite ignored="0" hostname="LAPTOP-D6IT8EFO" failures="0" tests="10" name="SmokeRun" time="124.686" errors="0" timestamp="2023-05-11T20:28:19 IST">
  <testcase classname="com.sevenmartsupermarket.base.Base" name="@BeforeMethod launchBrowser" time="34.24">
    <failure type="org.openqa.selenium.SessionNotCreatedException" message="Could not start a new session. Response code 500. Message: unknown error: Chrome failed to start: exited normally.
  (chrome not reachable)
  (The process started from chrome location C:\Program Files\Google\Chrome\Application\chrome.exe is no longer running, so ChromeDriver is assuming that Chrome has crashed.) 
Host info: host: &amp;apos;LAPTOP-D6IT8EFO&amp;apos;, ip: &amp;apos;192.168.1.4&amp;apos;
Build info: version: &amp;apos;4.8.0&amp;apos;, revision: &amp;apos;267030adea&amp;apos;
System info: os.name: &amp;apos;Windows 11&amp;apos;, os.arch: &amp;apos;amd64&amp;apos;, os.version: &amp;apos;10.0&amp;apos;, java.version: &amp;apos;17.0.4.1&amp;apos;
Driver info: org.openqa.selenium.chrome.ChromeDriver
Command: [null, newSession {capabilities=[Capabilities {browserName: chrome, goog:chromeOptions: {args: [--remote-allow-origins=*], extensions: []}}], desiredCapabilities=Capabilities {browserName: chrome, goog:chromeOptions: {args: [--remote-allow-origins=*], extensions: []}}}]">
      <![CDATA[org.openqa.selenium.SessionNotCreatedException: Could not start a new session. Response code 500. Message: unknown error: Chrome failed to start: exited normally.
  (chrome not reachable)
  (The process started from chrome location C:\Program Files\Google\Chrome\Application\chrome.exe is no longer running, so ChromeDriver is assuming that Chrome has crashed.) 
Host info: host: 'LAPTOP-D6IT8EFO', ip: '192.168.1.4'
Build info: version: '4.8.0', revision: '267030adea'
System info: os.name: 'Windows 11', os.arch: 'amd64', os.version: '10.0', java.version: '17.0.4.1'
Driver info: org.openqa.selenium.chrome.ChromeDriver
Command: [null, newSession {capabilities=[Capabilities {browserName: chrome, goog:chromeOptions: {args: [--remote-allow-origins=*], extensions: []}}], desiredCapabilities=Capabilities {browserName: chrome, goog:chromeOptions: {args: [--remote-allow-origins=*], extensions: []}}}]
at org.openqa.selenium.remote.ProtocolHandshake.createSession(ProtocolHandshake.java:148)
at org.openqa.selenium.remote.ProtocolHandshake.createSession(ProtocolHandshake.java:106)
at org.openqa.selenium.remote.ProtocolHandshake.createSession(ProtocolHandshake.java:67)
at org.openqa.selenium.remote.HttpCommandExecutor.execute(HttpCommandExecutor.java:156)
at org.openqa.selenium.remote.service.DriverCommandExecutor.invokeExecute(DriverCommandExecutor.java:167)
at org.openqa.selenium.remote.service.DriverCommandExecutor.execute(DriverCommandExecutor.java:142)
at org.openqa.selenium.remote.RemoteWebDriver.execute(RemoteWebDriver.java:543)
at org.openqa.selenium.remote.RemoteWebDriver.startSession(RemoteWebDriver.java:229)
at org.openqa.selenium.remote.RemoteWebDriver.<init>(RemoteWebDriver.java:157)
at org.openqa.selenium.chromium.ChromiumDriver.<init>(ChromiumDriver.java:101)
at org.openqa.selenium.chrome.ChromeDriver.<init>(ChromeDriver.java:82)
at org.openqa.selenium.chrome.ChromeDriver.<init>(ChromeDriver.java:71)
at com.sevenmartsupermarket.base.Base.intialize(Base.java:43)
at com.sevenmartsupermarket.base.Base.launchBrowser(Base.java:67)
at java.base/java.util.ArrayList.forEach(ArrayList.java:1511)
at java.base/java.util.concurrent.FutureTask.run(FutureTask.java:264)
at java.base/java.util.concurrent.ThreadPoolExecutor.runWorker(ThreadPoolExecutor.java:1136)
at java.base/java.util.concurrent.ThreadPoolExecutor$Worker.run(ThreadPoolExecutor.java:635)
at java.base/java.lang.Thread.run(Thread.java:833)
... Removed 21 stack frames]]>
    </failure>
  </testcase> <!-- @BeforeMethod launchBrowser -->
  <testcase classname="com.sevenmartsupermarket.base.Base" name="@AfterMethod terminateBrowser" time="0.0">
    <skipped/>
  </testcase> <!-- @AfterMethod terminateBrowser -->
  <testcase classname="com.sevenmartsupermarket.base.Base" name="@AfterMethod terminateBrowser" time="0.0">
    <skipped/>
  </testcase> <!-- @AfterMethod terminateBrowser -->
  <testcase classname="com.sevenmartsupermarket.tests.LoginTest" name="verifyInvalidLogin" time="2.77"/>
  <testcase classname="com.sevenmartsupermarket.tests.LoginTest" name="verifyInvalidLogin" time="1.083"/>
  <testcase classname="com.sevenmartsupermarket.tests.LoginTest" name="verifyInvalidLogin" time="1.054"/>
  <testcase classname="com.sevenmartsupermarket.tests.LoginTest" name="verifyInvalidLoginErrorMessage" time="2.654"/>
  <testcase classname="com.sevenmartsupermarket.tests.LoginTest" name="verifyLoginFunctionality" time="2.489"/>
  <testcase classname="com.sevenmartsupermarket.tests.LoginTest" name="verifyLogo" time="1.552"/>
  <testcase classname="com.sevenmartsupermarket.tests.LoginTest" name="verifyRememberCheckBox" time="0.069"/>
  <testcase classname="com.sevenmartsupermarket.tests.LoginTest" name="verifySignInButtonEnabled" time="0.06"/>
  <testcase classname="com.sevenmartsupermarket.tests.AdminUsersTest" name="verifyAdminUsers" time="0.0">
    <skipped/>
  </testcase> <!-- verifyAdminUsers -->
  <testcase classname="com.sevenmartsupermarket.tests.AdminUsersTest" name="verifySearch" time="0.0">
    <skipped/>
  </testcase> <!-- verifySearch -->
</testsuite> <!-- SmokeRun -->
