<?xml version="1.0" encoding="UTF-8"?>
<testng-results ignored="3" total="5" passed="2" failed="0" skipped="0">
  <reporter-output>
  </reporter-output>
  <suite started-at="2023-05-07T18:53:42 IST" name="methodexample" finished-at="2023-05-07T18:53:57 IST" duration-ms="14982">
    <groups>
    </groups>
    <test started-at="2023-05-07T18:53:42 IST" name="SmokeTest" finished-at="2023-05-07T18:53:57 IST" duration-ms="14982">
      <class name="com.sevenmartsupermarket.tests.LoginTest">
        <test-method is-config="true" signature="launchBrowser()[pri:0, instance:com.sevenmartsupermarket.tests.LoginTest@e350b40]" started-at="2023-05-07T18:53:42 IST" name="launchBrowser" finished-at="2023-05-07T18:53:49 IST" duration-ms="6902" status="PASS">
          <reporter-output>
          </reporter-output>
        </test-method> <!-- launchBrowser -->
        <test-method signature="verifyRememberCheckBox()[pri:0, instance:com.sevenmartsupermarket.tests.LoginTest@e350b40]" started-at="2023-05-07T18:53:49 IST" name="verifyRememberCheckBox" finished-at="2023-05-07T18:53:49 IST" duration-ms="185" status="PASS">
          <reporter-output>
          </reporter-output>
        </test-method> <!-- verifyRememberCheckBox -->
        <test-method is-config="true" signature="terminateBrowser(org.testng.ITestResult)[pri:0, instance:com.sevenmartsupermarket.tests.LoginTest@e350b40]" started-at="2023-05-07T18:53:49 IST" name="terminateBrowser" finished-at="2023-05-07T18:53:49 IST" duration-ms="391" status="PASS">
          <params>
            <param index="0">
              <value>
                <![CDATA[[TestResult name=verifyRememberCheckBox status=SUCCESS method=LoginTest.verifyRememberCheckBox()[pri:0, instance:com.sevenmartsupermarket.tests.LoginTest@e350b40] output={null}]]]>
              </value>
            </param>
          </params>
          <reporter-output>
          </reporter-output>
        </test-method> <!-- terminateBrowser -->
        <test-method is-config="true" signature="launchBrowser()[pri:0, instance:com.sevenmartsupermarket.tests.LoginTest@e350b40]" started-at="2023-05-07T18:53:49 IST" name="launchBrowser" finished-at="2023-05-07T18:53:53 IST" duration-ms="3885" status="PASS">
          <reporter-output>
          </reporter-output>
        </test-method> <!-- launchBrowser -->
        <test-method signature="verifyInvalidLoginErrorMessage()[pri:0, instance:com.sevenmartsupermarket.tests.LoginTest@e350b40]" started-at="2023-05-07T18:53:53 IST" name="verifyInvalidLoginErrorMessage" finished-at="2023-05-07T18:53:56 IST" duration-ms="3022" status="PASS">
          <reporter-output>
          </reporter-output>
        </test-method> <!-- verifyInvalidLoginErrorMessage -->
        <test-method is-config="true" signature="terminateBrowser(org.testng.ITestResult)[pri:0, instance:com.sevenmartsupermarket.tests.LoginTest@e350b40]" started-at="2023-05-07T18:53:56 IST" name="terminateBrowser" finished-at="2023-05-07T18:53:57 IST" duration-ms="448" status="PASS">
          <params>
            <param index="0">
              <value>
                <![CDATA[[TestResult name=verifyInvalidLoginErrorMessage status=SUCCESS method=LoginTest.verifyInvalidLoginErrorMessage()[pri:0, instance:com.sevenmartsupermarket.tests.LoginTest@e350b40] output={null}]]]>
              </value>
            </param>
          </params>
          <reporter-output>
          </reporter-output>
        </test-method> <!-- terminateBrowser -->
      </class> <!-- com.sevenmartsupermarket.tests.LoginTest -->
    </test> <!-- SmokeTest -->
  </suite> <!-- methodexample -->
</testng-results>
