<?xml version="1.0" encoding="UTF-8"?>
<!-- Generated by org.testng.reporters.JUnitXMLReporter -->
<testsuite ignored="3" hostname="LAPTOP-D6IT8EFO" failures="0" tests="2" name="SmokeTest" time="14.982" errors="0" timestamp="2023-05-07T18:53:57 IST">
  <testcase classname="com.sevenmartsupermarket.tests.LoginTest" name="verifyRememberCheckBox" time="0.185"/>
  <testcase classname="com.sevenmartsupermarket.tests.LoginTest" name="verifyInvalidLoginErrorMessage" time="3.022"/>
  <testcase classname="com.sevenmartsupermarket.tests.LoginTest" name="verifySignInButtonEnabled" time="0.0">
    <ignored/>
  </testcase> <!-- verifySignInButtonEnabled -->
  <testcase classname="com.sevenmartsupermarket.tests.LoginTest" name="verifyLogo" time="0.0">
    <ignored/>
  </testcase> <!-- verifyLogo -->
  <testcase classname="com.sevenmartsupermarket.tests.LoginTest" name="verifyLoginFunctionality" time="0.0">
    <ignored/>
  </testcase> <!-- verifyLoginFunctionality -->
</testsuite> <!-- SmokeTest -->
