<?xml version="1.0" encoding="UTF-8"?>
<!-- Generated by org.testng.reporters.JUnitXMLReporter -->
<testsuite ignored="0" hostname="LAPTOP-D6IT8EFO" failures="0" tests="3" name="ExecutingInChrome" time="93.279" errors="0" timestamp="2023-05-09T07:10:52 IST">
  <testcase classname="com.sevenmartsupermarket.tests.PushNotificationTest" name="verifyPushNotification" time="8.401"/>
  <testcase classname="com.sevenmartsupermarket.tests.AdminUsersTest" name="verifyAdminUsers" time="18.325"/>
  <testcase classname="com.sevenmartsupermarket.tests.AdminUsersTest" name="verifySearch" time="5.726"/>
</testsuite> <!-- ExecutingInChrome -->
