<?xml version="1.0" encoding="UTF-8"?>
<!-- Generated by org.testng.reporters.JUnitXMLReporter -->
<testsuite ignored="0" hostname="LAPTOP-D6IT8EFO" failures="0" tests="3" name="Executing In Edge" time="39.275" errors="0" timestamp="2023-05-09T07:25:26 IST">
  <testcase classname="com.sevenmartsupermarket.tests.PushNotificationTest" name="verifyPushNotification" time="0.007">
    <skipped/>
  </testcase> <!-- verifyPushNotification -->
  <testcase classname="com.sevenmartsupermarket.tests.AdminUsersTest" name="verifyAdminUsers" time="0.001">
    <skipped/>
  </testcase> <!-- verifyAdminUsers -->
  <testcase classname="com.sevenmartsupermarket.tests.AdminUsersTest" name="verifySearch" time="0.001">
    <skipped/>
  </testcase> <!-- verifySearch -->
</testsuite> <!-- Executing In Edge -->
