<?xml version="1.0" encoding="UTF-8"?>
<!-- Generated by org.testng.reporters.JUnitXMLReporter -->
<testsuite ignored="0" hostname="LAPTOP-D6IT8EFO" failures="0" tests="3" name="ExecutingInFireFox" time="92.456" errors="0" timestamp="2023-05-09T07:10:52 IST">
  <testcase classname="com.sevenmartsupermarket.tests.PushNotificationTest" name="verifyPushNotification" time="11.536"/>
  <testcase classname="com.sevenmartsupermarket.tests.AdminUsersTest" name="verifyAdminUsers" time="19.895"/>
  <testcase classname="com.sevenmartsupermarket.tests.AdminUsersTest" name="verifySearch" time="11.329"/>
</testsuite> <!-- ExecutingInFireFox -->
