<?xml version="1.0" encoding="UTF-8"?>
<!-- Generated by org.testng.reporters.JUnitXMLReporter -->
<testsuite ignored="0" hostname="LAPTOP-D6IT8EFO" failures="0" tests="3" name="Executing In FireFox" time="121.49" errors="0" timestamp="2023-05-09T07:27:27 IST">
  <testcase classname="com.sevenmartsupermarket.tests.PushNotificationTest" name="verifyPushNotification" time="7.048"/>
  <testcase classname="com.sevenmartsupermarket.tests.AdminUsersTest" name="verifyAdminUsers" time="6.897"/>
  <testcase classname="com.sevenmartsupermarket.tests.AdminUsersTest" name="verifySearch" time="16.593"/>
</testsuite> <!-- Executing In FireFox -->
