<?xml version="1.0" encoding="UTF-8"?>
<!-- Generated by org.testng.reporters.JUnitXMLReporter -->
<testsuite ignored="0" hostname="LAPTOP-D6IT8EFO" failures="0" tests="5" name="Executing In Edge" time="111.82" errors="0" timestamp="2023-05-18T20:08:56 IST">
  <testcase classname="com.sevenmartsupermarket.tests.PushNotificationTest" name="verifyPushNotification" time="12.625"/>
  <testcase classname="com.sevenmartsupermarket.tests.AdminUsersTest" name="verifyAdminUserName" time="7.268"/>
  <testcase classname="com.sevenmartsupermarket.tests.AdminUsersTest" name="verifyAdminUserName" time="5.861"/>
  <testcase classname="com.sevenmartsupermarket.tests.AdminUsersTest" name="verifyAdminUsers" time="11.24"/>
  <testcase classname="com.sevenmartsupermarket.tests.AdminUsersTest" name="verifyUserSearch" time="3.426"/>
</testsuite> <!-- Executing In Edge -->
