<?xml version="1.0" encoding="UTF-8"?>
<!-- Generated by org.testng.reporters.JUnitXMLReporter -->
<testsuite ignored="0" hostname="LAPTOP-D6IT8EFO" failures="0" tests="5" name="Executing In FireFox" time="117.503" errors="0" timestamp="2023-05-18T20:09:02 IST">
  <testcase classname="com.sevenmartsupermarket.tests.PushNotificationTest" name="verifyPushNotification" time="12.397"/>
  <testcase classname="com.sevenmartsupermarket.tests.AdminUsersTest" name="verifyAdminUserName" time="4.246"/>
  <testcase classname="com.sevenmartsupermarket.tests.AdminUsersTest" name="verifyAdminUserName" time="5.753"/>
  <testcase classname="com.sevenmartsupermarket.tests.AdminUsersTest" name="verifyAdminUsers" time="13.31"/>
  <testcase classname="com.sevenmartsupermarket.tests.AdminUsersTest" name="verifyUserSearch" time="3.173"/>
</testsuite> <!-- Executing In FireFox -->
